2002.09.06 22:45 B C:\Documents and Settings\nanzzang\My Documents\yy\file_icon\bat.gif <-- soora24_dev /pj/unidream/unidream/board/icon_image/board/file_icon bat.gif
2002.09.06 22:45 B C:\Documents and Settings\nanzzang\My Documents\yy\file_icon\bmp.gif <-- soora24_dev /pj/unidream/unidream/board/icon_image/board/file_icon bmp.gif
2002.09.06 22:45 B C:\Documents and Settings\nanzzang\My Documents\yy\file_icon\com.gif <-- soora24_dev /pj/unidream/unidream/board/icon_image/board/file_icon com.gif
2002.09.06 22:45 B C:\Documents and Settings\nanzzang\My Documents\yy\file_icon\compressed.gif <-- soora24_dev /pj/unidream/unidream/board/icon_image/board/file_icon compressed.gif
2002.09.06 22:45 B C:\Documents and Settings\nanzzang\My Documents\yy\file_icon\default.gif <-- soora24_dev /pj/unidream/unidream/board/icon_image/board/file_icon default.gif
2002.09.06 22:45 B C:\Documents and Settings\nanzzang\My Documents\yy\file_icon\device.gif <-- soora24_dev /pj/unidream/unidream/board/icon_image/board/file_icon device.gif
2002.09.06 22:45 B C:\Documents and Settings\nanzzang\My Documents\yy\file_icon\eml.gif <-- soora24_dev /pj/unidream/unidream/board/icon_image/board/file_icon eml.gif
2002.09.06 22:45 B C:\Documents and Settings\nanzzang\My Documents\yy\file_icon\exe.gif <-- soora24_dev /pj/unidream/unidream/board/icon_image/board/file_icon exe.gif
2002.09.06 22:45 B C:\Documents and Settings\nanzzang\My Documents\yy\file_icon\gif.gif <-- soora24_dev /pj/unidream/unidream/board/icon_image/board/file_icon gif.gif
2002.09.06 22:45 B C:\Documents and Settings\nanzzang\My Documents\yy\file_icon\html.gif <-- soora24_dev /pj/unidream/unidream/board/icon_image/board/file_icon html.gif
2002.09.06 22:45 B C:\Documents and Settings\nanzzang\My Documents\yy\file_icon\hwp.gif <-- soora24_dev /pj/unidream/unidream/board/icon_image/board/file_icon hwp.gif
2002.09.06 22:45 B C:\Documents and Settings\nanzzang\My Documents\yy\file_icon\image.gif <-- soora24_dev /pj/unidream/unidream/board/icon_image/board/file_icon image.gif
2002.09.06 22:45 B C:\Documents and Settings\nanzzang\My Documents\yy\file_icon\jpg.gif <-- soora24_dev /pj/unidream/unidream/board/icon_image/board/file_icon jpg.gif
2002.09.06 22:45 B C:\Documents and Settings\nanzzang\My Documents\yy\file_icon\mfiles.gif <-- soora24_dev /pj/unidream/unidream/board/icon_image/board/file_icon mfiles.gif
2002.09.06 22:45 B C:\Documents and Settings\nanzzang\My Documents\yy\file_icon\movie.gif <-- soora24_dev /pj/unidream/unidream/board/icon_image/board/file_icon movie.gif
2002.09.06 22:45 B C:\Documents and Settings\nanzzang\My Documents\yy\file_icon\mp3.gif <-- soora24_dev /pj/unidream/unidream/board/icon_image/board/file_icon mp3.gif
2002.09.06 22:45 B C:\Documents and Settings\nanzzang\My Documents\yy\file_icon\pcx.gif <-- soora24_dev /pj/unidream/unidream/board/icon_image/board/file_icon pcx.gif
2002.09.06 22:45 B C:\Documents and Settings\nanzzang\My Documents\yy\file_icon\png.gif <-- soora24_dev /pj/unidream/unidream/board/icon_image/board/file_icon png.gif
2002.09.06 22:45 B C:\Documents and Settings\nanzzang\My Documents\yy\file_icon\ppt.gif <-- soora24_dev /pj/unidream/unidream/board/icon_image/board/file_icon ppt.gif
2002.09.06 22:45 B C:\Documents and Settings\nanzzang\My Documents\yy\file_icon\ra.gif <-- soora24_dev /pj/unidream/unidream/board/icon_image/board/file_icon ra.gif
2002.09.06 22:45 B C:\Documents and Settings\nanzzang\My Documents\yy\file_icon\sound.gif <-- soora24_dev /pj/unidream/unidream/board/icon_image/board/file_icon sound.gif
2002.09.06 22:45 B C:\Documents and Settings\nanzzang\My Documents\yy\file_icon\text.gif <-- soora24_dev /pj/unidream/unidream/board/icon_image/board/file_icon text.gif
2002.09.06 22:45 B C:\Documents and Settings\nanzzang\My Documents\yy\file_icon\txt.gif <-- soora24_dev /pj/unidream/unidream/board/icon_image/board/file_icon txt.gif
2002.09.06 22:45 B C:\Documents and Settings\nanzzang\My Documents\yy\file_icon\unknown.gif <-- soora24_dev /pj/unidream/unidream/board/icon_image/board/file_icon unknown.gif
2002.09.06 22:45 B C:\Documents and Settings\nanzzang\My Documents\yy\file_icon\url.gif <-- soora24_dev /pj/unidream/unidream/board/icon_image/board/file_icon url.gif
2002.09.06 22:45 B C:\Documents and Settings\nanzzang\My Documents\yy\file_icon\wav.gif <-- soora24_dev /pj/unidream/unidream/board/icon_image/board/file_icon wav.gif
2002.09.06 22:45 B C:\Documents and Settings\nanzzang\My Documents\yy\file_icon\bat.gif --> bl.ins4e.com /pj/naver/edu_html/board/insboard/icon_image/board/file_icon bat.gif
2002.09.06 22:45 B C:\Documents and Settings\nanzzang\My Documents\yy\file_icon\bmp.gif --> bl.ins4e.com /pj/naver/edu_html/board/insboard/icon_image/board/file_icon bmp.gif
2002.09.06 22:45 B C:\Documents and Settings\nanzzang\My Documents\yy\file_icon\com.gif --> bl.ins4e.com /pj/naver/edu_html/board/insboard/icon_image/board/file_icon com.gif
2002.09.06 22:45 B C:\Documents and Settings\nanzzang\My Documents\yy\file_icon\compressed.gif --> bl.ins4e.com /pj/naver/edu_html/board/insboard/icon_image/board/file_icon compressed.gif
2002.09.06 22:45 B C:\Documents and Settings\nanzzang\My Documents\yy\file_icon\default.gif --> bl.ins4e.com /pj/naver/edu_html/board/insboard/icon_image/board/file_icon default.gif
2002.09.06 22:45 B C:\Documents and Settings\nanzzang\My Documents\yy\file_icon\device.gif --> bl.ins4e.com /pj/naver/edu_html/board/insboard/icon_image/board/file_icon device.gif
2002.09.06 22:45 B C:\Documents and Settings\nanzzang\My Documents\yy\file_icon\eml.gif --> bl.ins4e.com /pj/naver/edu_html/board/insboard/icon_image/board/file_icon eml.gif
2002.09.06 22:45 B C:\Documents and Settings\nanzzang\My Documents\yy\file_icon\exe.gif --> bl.ins4e.com /pj/naver/edu_html/board/insboard/icon_image/board/file_icon exe.gif
2002.09.06 22:45 B C:\Documents and Settings\nanzzang\My Documents\yy\file_icon\gif.gif --> bl.ins4e.com /pj/naver/edu_html/board/insboard/icon_image/board/file_icon gif.gif
2002.09.06 22:45 B C:\Documents and Settings\nanzzang\My Documents\yy\file_icon\html.gif --> bl.ins4e.com /pj/naver/edu_html/board/insboard/icon_image/board/file_icon html.gif
2002.09.06 22:45 B C:\Documents and Settings\nanzzang\My Documents\yy\file_icon\hwp.gif --> bl.ins4e.com /pj/naver/edu_html/board/insboard/icon_image/board/file_icon hwp.gif
2002.09.06 22:45 B C:\Documents and Settings\nanzzang\My Documents\yy\file_icon\image.gif --> bl.ins4e.com /pj/naver/edu_html/board/insboard/icon_image/board/file_icon image.gif
2002.09.06 22:45 B C:\Documents and Settings\nanzzang\My Documents\yy\file_icon\jpg.gif --> bl.ins4e.com /pj/naver/edu_html/board/insboard/icon_image/board/file_icon jpg.gif
2002.09.06 22:45 B C:\Documents and Settings\nanzzang\My Documents\yy\file_icon\mfiles.gif --> bl.ins4e.com /pj/naver/edu_html/board/insboard/icon_image/board/file_icon mfiles.gif
2002.09.06 22:45 B C:\Documents and Settings\nanzzang\My Documents\yy\file_icon\movie.gif --> bl.ins4e.com /pj/naver/edu_html/board/insboard/icon_image/board/file_icon movie.gif
2002.09.06 22:45 B C:\Documents and Settings\nanzzang\My Documents\yy\file_icon\mp3.gif --> bl.ins4e.com /pj/naver/edu_html/board/insboard/icon_image/board/file_icon mp3.gif
2002.09.06 22:45 B C:\Documents and Settings\nanzzang\My Documents\yy\file_icon\pcx.gif --> bl.ins4e.com /pj/naver/edu_html/board/insboard/icon_image/board/file_icon pcx.gif
2002.09.06 22:45 B C:\Documents and Settings\nanzzang\My Documents\yy\file_icon\png.gif --> bl.ins4e.com /pj/naver/edu_html/board/insboard/icon_image/board/file_icon png.gif
2002.09.06 22:45 B C:\Documents and Settings\nanzzang\My Documents\yy\file_icon\ppt.gif --> bl.ins4e.com /pj/naver/edu_html/board/insboard/icon_image/board/file_icon ppt.gif
2002.09.06 22:45 B C:\Documents and Settings\nanzzang\My Documents\yy\file_icon\ra.gif --> bl.ins4e.com /pj/naver/edu_html/board/insboard/icon_image/board/file_icon ra.gif
2002.09.06 22:45 B C:\Documents and Settings\nanzzang\My Documents\yy\file_icon\sound.gif --> bl.ins4e.com /pj/naver/edu_html/board/insboard/icon_image/board/file_icon sound.gif
2002.09.06 22:45 B C:\Documents and Settings\nanzzang\My Documents\yy\file_icon\text.gif --> bl.ins4e.com /pj/naver/edu_html/board/insboard/icon_image/board/file_icon text.gif
2002.09.06 22:45 B C:\Documents and Settings\nanzzang\My Documents\yy\file_icon\txt.gif --> bl.ins4e.com /pj/naver/edu_html/board/insboard/icon_image/board/file_icon txt.gif
2002.09.06 22:45 B C:\Documents and Settings\nanzzang\My Documents\yy\file_icon\unknown.gif --> bl.ins4e.com /pj/naver/edu_html/board/insboard/icon_image/board/file_icon unknown.gif
2002.09.06 22:45 B C:\Documents and Settings\nanzzang\My Documents\yy\file_icon\url.gif --> bl.ins4e.com /pj/naver/edu_html/board/insboard/icon_image/board/file_icon url.gif
2002.09.06 22:45 B C:\Documents and Settings\nanzzang\My Documents\yy\file_icon\wav.gif --> bl.ins4e.com /pj/naver/edu_html/board/insboard/icon_image/board/file_icon wav.gif
2002.10.11 13:20 B C:\Documents and Settings\nanzzang\My Documents\받은 파일\insboard\icon_image\board\file_icon\WS_FTP.LOG <-- soora24_dev /pj/naver/edu_html/board/insboard/icon_image/board/file_icon WS_FTP.LOG
2002.10.11 16:15 B C:\Documents and Settings\nanzzang\My Documents\받은 파일\insboard\icon_image\board\file_icon\bat.gif --> devel.ins4e.com /pj/espeed/html/board/insboard/icon_image/board/file_icon bat.gif
2002.10.11 16:15 B C:\Documents and Settings\nanzzang\My Documents\받은 파일\insboard\icon_image\board\file_icon\bmp.gif --> devel.ins4e.com /pj/espeed/html/board/insboard/icon_image/board/file_icon bmp.gif
2002.10.11 16:15 B C:\Documents and Settings\nanzzang\My Documents\받은 파일\insboard\icon_image\board\file_icon\com.gif --> devel.ins4e.com /pj/espeed/html/board/insboard/icon_image/board/file_icon com.gif
2002.10.11 16:15 B C:\Documents and Settings\nanzzang\My Documents\받은 파일\insboard\icon_image\board\file_icon\compressed.gif --> devel.ins4e.com /pj/espeed/html/board/insboard/icon_image/board/file_icon compressed.gif
2002.10.11 16:15 B C:\Documents and Settings\nanzzang\My Documents\받은 파일\insboard\icon_image\board\file_icon\default.gif --> devel.ins4e.com /pj/espeed/html/board/insboard/icon_image/board/file_icon default.gif
2002.10.11 16:15 B C:\Documents and Settings\nanzzang\My Documents\받은 파일\insboard\icon_image\board\file_icon\device.gif --> devel.ins4e.com /pj/espeed/html/board/insboard/icon_image/board/file_icon device.gif
2002.10.11 16:15 B C:\Documents and Settings\nanzzang\My Documents\받은 파일\insboard\icon_image\board\file_icon\doc.gif --> devel.ins4e.com /pj/espeed/html/board/insboard/icon_image/board/file_icon doc.gif
2002.10.11 16:15 B C:\Documents and Settings\nanzzang\My Documents\받은 파일\insboard\icon_image\board\file_icon\eml.gif --> devel.ins4e.com /pj/espeed/html/board/insboard/icon_image/board/file_icon eml.gif
2002.10.11 16:15 B C:\Documents and Settings\nanzzang\My Documents\받은 파일\insboard\icon_image\board\file_icon\exe.gif --> devel.ins4e.com /pj/espeed/html/board/insboard/icon_image/board/file_icon exe.gif
2002.10.11 16:15 B C:\Documents and Settings\nanzzang\My Documents\받은 파일\insboard\icon_image\board\file_icon\gif.gif --> devel.ins4e.com /pj/espeed/html/board/insboard/icon_image/board/file_icon gif.gif
2002.10.11 16:15 B C:\Documents and Settings\nanzzang\My Documents\받은 파일\insboard\icon_image\board\file_icon\html.gif --> devel.ins4e.com /pj/espeed/html/board/insboard/icon_image/board/file_icon html.gif
2002.10.11 16:15 B C:\Documents and Settings\nanzzang\My Documents\받은 파일\insboard\icon_image\board\file_icon\hwp.gif --> devel.ins4e.com /pj/espeed/html/board/insboard/icon_image/board/file_icon hwp.gif
2002.10.11 16:15 B C:\Documents and Settings\nanzzang\My Documents\받은 파일\insboard\icon_image\board\file_icon\image.gif --> devel.ins4e.com /pj/espeed/html/board/insboard/icon_image/board/file_icon image.gif
2002.10.11 16:15 B C:\Documents and Settings\nanzzang\My Documents\받은 파일\insboard\icon_image\board\file_icon\jpg.gif --> devel.ins4e.com /pj/espeed/html/board/insboard/icon_image/board/file_icon jpg.gif
2002.10.11 16:15 B C:\Documents and Settings\nanzzang\My Documents\받은 파일\insboard\icon_image\board\file_icon\mfiles.gif --> devel.ins4e.com /pj/espeed/html/board/insboard/icon_image/board/file_icon mfiles.gif
2002.10.11 16:15 B C:\Documents and Settings\nanzzang\My Documents\받은 파일\insboard\icon_image\board\file_icon\movie.gif --> devel.ins4e.com /pj/espeed/html/board/insboard/icon_image/board/file_icon movie.gif
2002.10.11 16:15 B C:\Documents and Settings\nanzzang\My Documents\받은 파일\insboard\icon_image\board\file_icon\mp3.gif --> devel.ins4e.com /pj/espeed/html/board/insboard/icon_image/board/file_icon mp3.gif
2002.10.11 16:15 B C:\Documents and Settings\nanzzang\My Documents\받은 파일\insboard\icon_image\board\file_icon\pcx.gif --> devel.ins4e.com /pj/espeed/html/board/insboard/icon_image/board/file_icon pcx.gif
2002.10.11 16:15 B C:\Documents and Settings\nanzzang\My Documents\받은 파일\insboard\icon_image\board\file_icon\pdf.gif --> devel.ins4e.com /pj/espeed/html/board/insboard/icon_image/board/file_icon pdf.gif
2002.10.11 16:15 B C:\Documents and Settings\nanzzang\My Documents\받은 파일\insboard\icon_image\board\file_icon\png.gif --> devel.ins4e.com /pj/espeed/html/board/insboard/icon_image/board/file_icon png.gif
2002.10.11 16:15 B C:\Documents and Settings\nanzzang\My Documents\받은 파일\insboard\icon_image\board\file_icon\ppt.gif --> devel.ins4e.com /pj/espeed/html/board/insboard/icon_image/board/file_icon ppt.gif
2002.10.11 16:15 B C:\Documents and Settings\nanzzang\My Documents\받은 파일\insboard\icon_image\board\file_icon\ra.gif --> devel.ins4e.com /pj/espeed/html/board/insboard/icon_image/board/file_icon ra.gif
2002.10.11 16:15 B C:\Documents and Settings\nanzzang\My Documents\받은 파일\insboard\icon_image\board\file_icon\sound.gif --> devel.ins4e.com /pj/espeed/html/board/insboard/icon_image/board/file_icon sound.gif
2002.10.11 16:15 B C:\Documents and Settings\nanzzang\My Documents\받은 파일\insboard\icon_image\board\file_icon\text.gif --> devel.ins4e.com /pj/espeed/html/board/insboard/icon_image/board/file_icon text.gif
2002.10.11 16:15 B C:\Documents and Settings\nanzzang\My Documents\받은 파일\insboard\icon_image\board\file_icon\txt.gif --> devel.ins4e.com /pj/espeed/html/board/insboard/icon_image/board/file_icon txt.gif
2002.10.11 16:15 B C:\Documents and Settings\nanzzang\My Documents\받은 파일\insboard\icon_image\board\file_icon\unknown.gif --> devel.ins4e.com /pj/espeed/html/board/insboard/icon_image/board/file_icon unknown.gif
2002.10.11 16:15 B C:\Documents and Settings\nanzzang\My Documents\받은 파일\insboard\icon_image\board\file_icon\url.gif --> devel.ins4e.com /pj/espeed/html/board/insboard/icon_image/board/file_icon url.gif
2002.10.11 16:15 B C:\Documents and Settings\nanzzang\My Documents\받은 파일\insboard\icon_image\board\file_icon\wav.gif --> devel.ins4e.com /pj/espeed/html/board/insboard/icon_image/board/file_icon wav.gif
2004.06.16 04:27 B D:\업무파일\club_devel\ClubBoard\icon_image\board\file_icon\WS_FTP.LOG <-- INS-DEVEL /pj/blcom/html/club/ClubBoard/icon_image/board/file_icon WS_FTP.LOG
